2019-11-15 22:56:29.305 [restartedMain] INFO  c.abas.ecoerak.SpringBootAppStarter - No active profile set, falling back to default profiles: default
2019-11-15 22:56:30.272 [restartedMain] INFO  o.s.d.r.c.RepositoryConfigurationDelegate - Bootstrapping Spring Data repositories in DEFAULT mode.
2019-11-15 22:56:30.333 [restartedMain] INFO  o.s.d.r.c.RepositoryConfigurationDelegate - Finished Spring Data repository scanning in 54ms. Found 1 repository interfaces.
2019-11-15 22:56:30.637 [restartedMain] INFO  o.s.cloud.context.scope.GenericScope - BeanFactory id=abd0470d-f30f-361e-ab51-f3864e35f03f
2019-11-15 22:56:30.840 [restartedMain] INFO  o.s.c.s.PostProcessorRegistrationDelegate$BeanPostProcessorChecker - Bean 'org.springframework.transaction.annotation.ProxyTransactionManagementConfiguration' of type [org.springframework.transaction.annotation.ProxyTransactionManagementConfiguration$$EnhancerBySpringCGLIB$$de062402] is not eligible for getting processed by all BeanPostProcessors (for example: not eligible for auto-proxying)
2019-11-15 22:56:30.889 [restartedMain] INFO  o.s.c.s.PostProcessorRegistrationDelegate$BeanPostProcessorChecker - Bean 'org.springframework.security.config.annotation.configuration.ObjectPostProcessorConfiguration' of type [org.springframework.security.config.annotation.configuration.ObjectPostProcessorConfiguration$$EnhancerBySpringCGLIB$$76b3ec3c] is not eligible for getting processed by all BeanPostProcessors (for example: not eligible for auto-proxying)
2019-11-15 22:56:30.895 [restartedMain] INFO  o.s.c.s.PostProcessorRegistrationDelegate$BeanPostProcessorChecker - Bean 'objectPostProcessor' of type [org.springframework.security.config.annotation.configuration.AutowireBeanFactoryObjectPostProcessor] is not eligible for getting processed by all BeanPostProcessors (for example: not eligible for auto-proxying)
2019-11-15 22:56:30.896 [restartedMain] INFO  o.s.c.s.PostProcessorRegistrationDelegate$BeanPostProcessorChecker - Bean 'org.springframework.security.access.expression.method.DefaultMethodSecurityExpressionHandler@6dd89412' of type [org.springframework.security.access.expression.method.DefaultMethodSecurityExpressionHandler] is not eligible for getting processed by all BeanPostProcessors (for example: not eligible for auto-proxying)
2019-11-15 22:56:30.898 [restartedMain] INFO  o.s.c.s.PostProcessorRegistrationDelegate$BeanPostProcessorChecker - Bean 'org.springframework.security.config.annotation.method.configuration.GlobalMethodSecurityConfiguration' of type [org.springframework.security.config.annotation.method.configuration.GlobalMethodSecurityConfiguration$$EnhancerBySpringCGLIB$$9b888eee] is not eligible for getting processed by all BeanPostProcessors (for example: not eligible for auto-proxying)
2019-11-15 22:56:30.906 [restartedMain] INFO  o.s.c.s.PostProcessorRegistrationDelegate$BeanPostProcessorChecker - Bean 'org.springframework.security.config.annotation.method.configuration.Jsr250MetadataSourceConfiguration' of type [org.springframework.security.config.annotation.method.configuration.Jsr250MetadataSourceConfiguration$$EnhancerBySpringCGLIB$$c0dda704] is not eligible for getting processed by all BeanPostProcessors (for example: not eligible for auto-proxying)
2019-11-15 22:56:30.908 [restartedMain] INFO  o.s.c.s.PostProcessorRegistrationDelegate$BeanPostProcessorChecker - Bean 'jsr250MethodSecurityMetadataSource' of type [org.springframework.security.access.annotation.Jsr250MethodSecurityMetadataSource] is not eligible for getting processed by all BeanPostProcessors (for example: not eligible for auto-proxying)
2019-11-15 22:56:30.909 [restartedMain] INFO  o.s.c.s.PostProcessorRegistrationDelegate$BeanPostProcessorChecker - Bean 'methodSecurityMetadataSource' of type [org.springframework.security.access.method.DelegatingMethodSecurityMetadataSource] is not eligible for getting processed by all BeanPostProcessors (for example: not eligible for auto-proxying)
2019-11-15 22:56:30.921 [restartedMain] INFO  o.s.c.s.PostProcessorRegistrationDelegate$BeanPostProcessorChecker - Bean 'org.springframework.hateoas.config.HateoasConfiguration' of type [org.springframework.hateoas.config.HateoasConfiguration$$EnhancerBySpringCGLIB$$5d867134] is not eligible for getting processed by all BeanPostProcessors (for example: not eligible for auto-proxying)
2019-11-15 22:56:30.932 [restartedMain] INFO  o.s.c.s.PostProcessorRegistrationDelegate$BeanPostProcessorChecker - Bean 'org.springframework.cloud.autoconfigure.ConfigurationPropertiesRebinderAutoConfiguration' of type [org.springframework.cloud.autoconfigure.ConfigurationPropertiesRebinderAutoConfiguration$$EnhancerBySpringCGLIB$$fa2026ff] is not eligible for getting processed by all BeanPostProcessors (for example: not eligible for auto-proxying)
2019-11-15 22:56:31.425 [restartedMain] INFO  o.s.b.w.e.tomcat.TomcatWebServer - Tomcat initialized with port(s): 9034 (http)
2019-11-15 22:56:31.453 [restartedMain] INFO  o.a.catalina.core.StandardService - Starting service [Tomcat]
2019-11-15 22:56:31.453 [restartedMain] INFO  o.a.catalina.core.StandardEngine - Starting Servlet engine: [Apache Tomcat/9.0.26]
2019-11-15 22:56:31.711 [restartedMain] INFO  org.apache.jasper.servlet.TldScanner - At least one JAR was scanned for TLDs yet contained no TLDs. Enable debug logging for this logger for a complete list of JARs that were scanned but no TLDs were found in them. Skipping unneeded JARs during scanning can improve startup time and JSP compilation time.
2019-11-15 22:56:31.716 [restartedMain] INFO  o.a.c.c.C.[Tomcat].[localhost].[/] - Initializing Spring embedded WebApplicationContext
2019-11-15 22:56:31.716 [restartedMain] INFO  o.s.web.context.ContextLoader - Root WebApplicationContext: initialization completed in 2393 ms
2019-11-15 22:56:32.654 [restartedMain] INFO  o.s.b.a.s.s.UserDetailsServiceAutoConfiguration - 

Using generated security password: 2fa9a0d8-8c79-48b4-8e82-9498b7330b37

2019-11-15 22:56:32.747 [restartedMain] INFO  c.a.e.SprinBootAppConfiguration - @@@ USERINFO: admin:[ADMIN]
2019-11-15 22:56:32.844 [restartedMain] INFO  c.a.e.SprinBootAppConfiguration - @@@ USERINFO: admin1:[ADMIN]
2019-11-15 22:56:32.930 [restartedMain] INFO  c.a.e.SprinBootAppConfiguration - @@@ USERINFO: rest:[RESTUSER]
2019-11-15 22:56:33.025 [restartedMain] INFO  c.a.e.SprinBootAppConfiguration - @@@ USERINFO: rest1:[RESTUSER]
2019-11-15 22:56:33.123 [restartedMain] INFO  c.a.e.SprinBootAppConfiguration - @@@ SecurityConfiguration class init completed: 0
2019-11-15 22:56:33.253 [restartedMain] INFO  com.zaxxer.hikari.HikariDataSource - HikariPool-1 - Starting...
2019-11-15 22:56:33.343 [restartedMain] INFO  com.zaxxer.hikari.HikariDataSource - HikariPool-1 - Start completed.
2019-11-15 22:56:33.402 [restartedMain] INFO  o.h.jpa.internal.util.LogHelper - HHH000204: Processing PersistenceUnitInfo [
	name: default
	...]
2019-11-15 22:56:33.457 [restartedMain] INFO  org.hibernate.Version - HHH000412: Hibernate Core {5.3.12.Final}
2019-11-15 22:56:33.458 [restartedMain] INFO  org.hibernate.cfg.Environment - HHH000206: hibernate.properties not found
2019-11-15 22:56:33.558 [restartedMain] INFO  o.h.annotations.common.Version - HCANN000001: Hibernate Commons Annotations {5.0.4.Final}
2019-11-15 22:56:33.678 [restartedMain] INFO  org.hibernate.dialect.Dialect - HHH000400: Using dialect: org.hibernate.dialect.H2Dialect
2019-11-15 22:56:34.173 [restartedMain] INFO  o.h.t.s.internal.SchemaCreatorImpl - HHH000476: Executing import script 'org.hibernate.tool.schema.internal.exec.ScriptSourceInputNonExistentImpl@2371d48b'
2019-11-15 22:56:34.175 [restartedMain] INFO  o.s.o.j.LocalContainerEntityManagerFactoryBean - Initialized JPA EntityManagerFactory for persistence unit 'default'
2019-11-15 22:56:34.251 [restartedMain] INFO  o.s.b.d.a.OptionalLiveReloadServer - LiveReload server is running on port 35729
2019-11-15 22:56:35.264 [restartedMain] INFO  o.s.s.c.ThreadPoolTaskExecutor - Initializing ExecutorService 'applicationTaskExecutor'
2019-11-15 22:56:35.309 [restartedMain] INFO  c.a.e.SprinBootAppConfiguration - @@@ abas.edp.password		= *****
2019-11-15 22:56:35.310 [restartedMain] INFO  c.a.e.SprinBootAppConfiguration - @@@ abas.edp.port			= 6550
2019-11-15 22:56:35.310 [restartedMain] INFO  c.a.e.SprinBootAppConfiguration - @@@ abas.edp.sessiontimeout			= 5000
2019-11-15 22:56:35.310 [restartedMain] INFO  c.a.e.SprinBootAppConfiguration - @@@ abas.edp.serverip		= 10.0.0.100
2019-11-15 22:56:35.310 [restartedMain] INFO  c.a.e.SprinBootAppConfiguration - @@@ abas.edp.fopmode			= false
2019-11-15 22:56:35.310 [restartedMain] INFO  c.a.e.SprinBootAppConfiguration - @@@ abas.edp.fl			= true
2019-11-15 22:56:35.310 [restartedMain] INFO  c.a.e.SprinBootAppConfiguration - @@@ abas.s3.dir			= /u/abas/s3
2019-11-15 22:56:35.310 [restartedMain] INFO  c.a.e.SprinBootAppConfiguration - @@@ abas.s3.basedir			= /u/abas
2019-11-15 22:56:35.310 [restartedMain] INFO  c.a.e.SprinBootAppConfiguration - @@@ abas.s3.mandant			= gelistirme
2019-11-15 22:56:35.310 [restartedMain] INFO  c.a.e.SprinBootAppConfiguration - @@@ spring.mvc.locale		= tr_TR
2019-11-15 22:56:35.310 [restartedMain] INFO  c.a.e.SprinBootAppConfiguration - @@@ server.port			= 9034
2019-11-15 22:56:35.310 [restartedMain] INFO  c.a.e.SprinBootAppConfiguration - @@@ server.connection-timeout	= 30m
2019-11-15 22:56:35.311 [restartedMain] INFO  c.a.e.SprinBootAppConfiguration - @@@ server.token.expirationtime	= 43200000
2019-11-15 22:56:35.311 [restartedMain] INFO  c.a.e.SprinBootAppConfiguration - @@@ server.token.headerstring	= Authorization
2019-11-15 22:56:35.311 [restartedMain] INFO  c.a.e.SprinBootAppConfiguration - @@@ server.token.secret	= AbasTalent
2019-11-15 22:56:35.311 [restartedMain] INFO  c.a.e.SprinBootAppConfiguration - @@@ server.token.prefix	= Bearer 
2019-11-15 22:56:35.311 [restartedMain] INFO  c.a.e.SprinBootAppConfiguration - @@@ server.servlet.session.timeout	= 30m
2019-11-15 22:56:35.683 [restartedMain] INFO  o.s.s.web.DefaultSecurityFilterChain - Creating filter chain: any request, [org.springframework.security.web.context.request.async.WebAsyncManagerIntegrationFilter@355e20ff, org.springframework.security.web.context.SecurityContextPersistenceFilter@284bdfab, org.springframework.security.web.header.HeaderWriterFilter@1dd620cd, org.springframework.web.filter.CorsFilter@26cb4bf4, org.springframework.security.web.authentication.logout.LogoutFilter@32fe3e70, com.abas.ecoerak.security.JWTAuthenticationFilter@37be47da, com.abas.ecoerak.security.JWTAuthorizationFilter@6fe4e78, org.springframework.security.web.authentication.www.BasicAuthenticationFilter@6e0f99f0, org.springframework.security.web.savedrequest.RequestCacheAwareFilter@3abf1935, org.springframework.security.web.servletapi.SecurityContextHolderAwareRequestFilter@6eb73942, org.springframework.security.web.authentication.AnonymousAuthenticationFilter@4263cf80, org.springframework.security.web.session.SessionManagementFilter@936edfa, org.springframework.security.web.access.ExceptionTranslationFilter@3ab08ee8, org.springframework.security.web.access.intercept.FilterSecurityInterceptor@ba1f42c]
2019-11-15 22:56:35.725 [restartedMain] INFO  o.s.s.web.DefaultSecurityFilterChain - Creating filter chain: any request, [org.springframework.security.web.context.request.async.WebAsyncManagerIntegrationFilter@644e0195, org.springframework.security.web.context.SecurityContextPersistenceFilter@22fe6fc6, org.springframework.security.web.header.HeaderWriterFilter@75b4e29a, org.springframework.web.filter.CharacterEncodingFilter@45122ece, org.springframework.security.web.authentication.logout.LogoutFilter@73e2abde, org.springframework.security.web.authentication.UsernamePasswordAuthenticationFilter@22337a3b, org.springframework.security.web.session.ConcurrentSessionFilter@21a7ba5f, org.springframework.security.web.savedrequest.RequestCacheAwareFilter@180964bc, org.springframework.security.web.servletapi.SecurityContextHolderAwareRequestFilter@7789cda1, org.springframework.security.web.authentication.rememberme.RememberMeAuthenticationFilter@2732d4a9, org.springframework.security.web.authentication.AnonymousAuthenticationFilter@74343d59, org.springframework.security.web.session.SessionManagementFilter@61df3547, org.springframework.security.web.access.ExceptionTranslationFilter@31eb51ab, org.springframework.security.web.access.intercept.FilterSecurityInterceptor@6c09ae9c]
2019-11-15 22:56:35.814 [restartedMain] WARN  o.s.b.a.o.j.JpaBaseConfiguration$JpaWebConfiguration$JpaWebMvcConfiguration - spring.jpa.open-in-view is enabled by default. Therefore, database queries may be performed during view rendering. Explicitly configure spring.jpa.open-in-view to disable this warning
2019-11-15 22:56:36.007 [restartedMain] WARN  o.t.templatemode.TemplateMode - [THYMELEAF][restartedMain] Template Mode 'HTML5' is deprecated. Using Template Mode 'HTML' instead.
2019-11-15 22:56:36.611 [restartedMain] INFO  o.s.s.c.ThreadPoolTaskScheduler - Initializing ExecutorService 'taskScheduler'
2019-11-15 22:56:38.247 [restartedMain] INFO  o.s.b.a.e.web.EndpointLinksResolver - Exposing 22 endpoint(s) beneath base path '/admin/actuator'
2019-11-15 22:56:38.325 [restartedMain] INFO  c.a.e.SprinBootAppConfiguration - @@@ application initialization completed
2019-11-15 22:56:38.419 [restartedMain] INFO  o.s.b.w.e.tomcat.TomcatWebServer - Tomcat started on port(s): 9034 (http) with context path ''
2019-11-15 22:56:39.117 [RMI TCP Connection(1)-127.0.0.1] INFO  o.a.c.c.C.[Tomcat].[localhost].[/] - Initializing Spring DispatcherServlet 'dispatcherServlet'
2019-11-15 22:56:39.118 [RMI TCP Connection(1)-127.0.0.1] INFO  o.s.web.servlet.DispatcherServlet - Initializing Servlet 'dispatcherServlet'
2019-11-15 22:56:39.134 [RMI TCP Connection(1)-127.0.0.1] INFO  o.s.web.servlet.DispatcherServlet - Completed initialization in 16 ms
2019-11-15 22:56:40.250 [restartedMain] INFO  c.abas.ecoerak.SpringBootAppStarter - Started SpringBootAppStarter in 14.87 seconds (JVM running for 16.303)
2019-11-15 22:56:42.388 [RMI TCP Connection(3)-127.0.0.1] INFO  o.s.b.a.SpringApplicationAdminMXBeanRegistrar$SpringApplicationAdmin - Application shutdown requested.
2019-11-15 22:56:42.393 [RMI TCP Connection(3)-127.0.0.1] INFO  o.s.s.c.ThreadPoolTaskScheduler - Shutting down ExecutorService 'taskScheduler'
2019-11-15 22:56:42.395 [RMI TCP Connection(3)-127.0.0.1] INFO  o.s.s.c.ThreadPoolTaskExecutor - Shutting down ExecutorService 'applicationTaskExecutor'
2019-11-15 22:56:42.396 [RMI TCP Connection(3)-127.0.0.1] INFO  o.s.o.j.LocalContainerEntityManagerFactoryBean - Closing JPA EntityManagerFactory for persistence unit 'default'
2019-11-15 22:56:42.396 [RMI TCP Connection(3)-127.0.0.1] INFO  o.h.t.s.i.SchemaDropperImpl$DelayedDropActionImpl - HHH000477: Starting delayed evictData of schema as part of SessionFactory shut-down'
2019-11-15 22:56:42.409 [RMI TCP Connection(3)-127.0.0.1] WARN  o.s.b.f.s.DisposableBeanAdapter - Invocation of destroy method failed on bean with name 'inMemoryDatabaseShutdownExecutor': org.h2.jdbc.JdbcSQLNonTransientConnectionException: Database is already closed (to disable automatic closing at VM shutdown, add ";DB_CLOSE_ON_EXIT=FALSE" to the db URL) [90121-199]
2019-11-15 22:56:42.410 [RMI TCP Connection(3)-127.0.0.1] INFO  com.zaxxer.hikari.HikariDataSource - HikariPool-1 - Shutdown initiated...
2019-11-15 22:56:42.414 [RMI TCP Connection(3)-127.0.0.1] INFO  com.zaxxer.hikari.HikariDataSource - HikariPool-1 - Shutdown completed.
2019-11-15 22:56:43.168 [RMI TCP Connection(3)-127.0.0.1] INFO  o.a.catalina.core.StandardService - Stopping service [Tomcat]
2019-11-15 22:56:43.171 [RMI TCP Connection(3)-127.0.0.1] INFO  o.a.c.c.C.[Tomcat].[localhost].[/] - Destroying Spring FrameworkServlet 'dispatcherServlet'
